<?xml version="1.0" encoding="UTF-8"?>
<!-- Generated by org.testng.reporters.JUnitReportReporter -->
<testsuite skipped="0" hostname="DESKTOP-PPOL0UJ" name="com.testCases.CA_LoginPositive2" tests="1" failures="0" timestamp="2022-05-27T15:29:30 EDT" time="3.291" errors="0">
  <testcase name="Logintest" time="3.291" classname="com.testCases.CA_LoginPositive2"/>
  <system-out/>
</testsuite> <!-- com.testCases.CA_LoginPositive2 -->
