<?xml version="1.0" encoding="UTF-8"?>
<!-- Generated by org.testng.reporters.JUnitReportReporter -->
<testsuite skipped="0" hostname="DESKTOP-PPOL0UJ" name="com.testCases2.JMB_DB_001" tests="1" failures="0" timestamp="2022-06-22T09:57:03 EDT" time="36.708" errors="0">
  <testcase name="headerElementsclickBackHome" time="36.708" classname="com.testCases2.JMB_DB_001"/>
  <system-out/>
</testsuite> <!-- com.testCases2.JMB_DB_001 -->
