<?xml version="1.0" encoding="UTF-8"?>
<!-- Generated by org.testng.reporters.JUnitReportReporter -->
<testsuite skipped="0" hostname="DESKTOP-PPOL0UJ" name="com.testCases2.JMB_DB_006" tests="3" failures="0" timestamp="2022-06-22T10:07:31 EDT" time="18.962" errors="0">
  <testcase name="settingPage_Toggle" time="16.121" classname="com.testCases2.JMB_DB_006"/>
  <system-out/>
  <testcase name="settingPage_Changepassword" time="1.486" classname="com.testCases2.JMB_DB_006"/>
  <system-out/>
  <testcase name="settingPage_Changepassword" time="1.355" classname="com.testCases2.JMB_DB_006"/>
  <system-out/>
</testsuite> <!-- com.testCases2.JMB_DB_006 -->
