<?xml version="1.0" encoding="UTF-8"?>
<!-- Generated by org.testng.reporters.JUnitReportReporter -->
<testsuite skipped="0" hostname="DESKTOP-PPOL0UJ" name="com.testCases2.JMB_DB_6" tests="3" failures="0" timestamp="2022-06-20T12:22:15 EDT" time="19.727" errors="0">
  <testcase name="settingPage_Toggle" time="16.796" classname="com.testCases2.JMB_DB_6"/>
  <system-out/>
  <testcase name="settingPage_Changepassword" time="1.481" classname="com.testCases2.JMB_DB_6"/>
  <system-out/>
  <testcase name="settingPage_Changepassword" time="1.450" classname="com.testCases2.JMB_DB_6"/>
  <system-out/>
</testsuite> <!-- com.testCases2.JMB_DB_6 -->
