<?xml version="1.0" encoding="UTF-8"?>
<!-- Generated by org.testng.reporters.JUnitReportReporter -->
<testsuite hostname="DESKTOP-GM99TT4" failures="0" tests="1" name="com.testCases.JMB_DB_011" time="8.704" errors="0" timestamp="15 Apr 2021 20:27:44 GMT" skipped="0">
  <testcase classname="com.testCases.JMB_DB_011" name="testJomboneLink" time="8.704"/>
</testsuite> <!-- com.testCases.JMB_DB_011 -->
