<?xml version="1.0" encoding="UTF-8"?>
<!-- Generated by org.testng.reporters.JUnitReportReporter -->
<testsuite skipped="0" hostname="DESKTOP-PPOL0UJ" name="com.testCases2.JMB_DB_005" tests="2" failures="0" timestamp="2022-06-22T10:40:42 EDT" time="4.309" errors="0">
  <testcase name="validEmailandPwd" time="3.229" classname="com.testCases2.JMB_DB_005"/>
  <system-out/>
  <testcase name="candidateprofilePage" time="1.080" classname="com.testCases2.JMB_DB_005"/>
  <system-out/>
</testsuite> <!-- com.testCases2.JMB_DB_005 -->
