<?xml version="1.0" encoding="UTF-8"?>
<!-- Generated by org.testng.reporters.JUnitReportReporter -->
<testsuite skipped="0" hostname="DESKTOP-PPOL0UJ" name="com.testCases2.JMB_DB_002" tests="1" failures="0" timestamp="2022-06-22T09:57:49 EDT" time="14.890" errors="0">
  <testcase name="searchBox" time="14.890" classname="com.testCases2.JMB_DB_002"/>
  <system-out/>
</testsuite> <!-- com.testCases2.JMB_DB_002 -->
