<?xml version="1.0" encoding="UTF-8"?>
<!-- Generated by org.testng.reporters.JUnitReportReporter -->
<testsuite skipped="0" hostname="DESKTOP-PPOL0UJ" name="com.testCases.CA_LoginPositive" tests="1" failures="0" timestamp="2022-05-26T20:17:15 EDT" time="3.165" errors="0">
  <testcase name="Logintest" time="3.165" classname="com.testCases.CA_LoginPositive"/>
  <system-out/>
</testsuite> <!-- com.testCases.CA_LoginPositive -->
