<?xml version="1.0" encoding="UTF-8"?>
<!-- Generated by org.testng.reporters.JUnitReportReporter -->
<testsuite skipped="0" hostname="DESKTOP-PPOL0UJ" name="com.testCases2.JMB_DB_007" tests="2" failures="0" timestamp="2022-06-22T10:03:09 EDT" time="72.263" errors="0">
  <testcase name="validEmailandPwd" time="3.257" classname="com.testCases2.JMB_DB_007"/>
  <system-out/>
  <testcase name="preference" time="69.006" classname="com.testCases2.JMB_DB_007"/>
  <system-out/>
</testsuite> <!-- com.testCases2.JMB_DB_007 -->
