<?xml version="1.0" encoding="UTF-8"?>
<!-- Generated by org.testng.reporters.JUnitReportReporter -->
<testsuite skipped="0" hostname="DESKTOP-PPOL0UJ" name="com.testCases2.JMB_DB_010" tests="1" failures="0" timestamp="2022-06-22T10:06:03 EDT" time="4.296" errors="0">
  <testcase name="logoutTest" time="4.296" classname="com.testCases2.JMB_DB_010"/>
  <system-out/>
</testsuite> <!-- com.testCases2.JMB_DB_010 -->
