<?xml version="1.0" encoding="UTF-8"?>
<!-- Generated by org.testng.reporters.JUnitReportReporter -->
<testsuite skipped="0" hostname="DESKTOP-PPOL0UJ" name="com.testCases2.JMB_DB_004" tests="2" failures="0" timestamp="2022-06-22T10:00:21 EDT" time="9.732" errors="0">
  <testcase name="validEmailandPwd" time="3.062" classname="com.testCases2.JMB_DB_004"/>
  <system-out/>
  <testcase name="clickMe" time="6.670" classname="com.testCases2.JMB_DB_004"/>
  <system-out/>
</testsuite> <!-- com.testCases2.JMB_DB_004 -->
