<?xml version="1.0" encoding="UTF-8"?>
<!-- Generated by org.testng.reporters.JUnitReportReporter -->
<testsuite hostname="DESKTOP-GM99TT4" failures="0" tests="1" name="com.testCases.JMB_DB_016" time="11.512" errors="0" timestamp="15 Apr 2021 20:27:44 GMT" skipped="0">
  <testcase classname="com.testCases.JMB_DB_016" name="testFollowCompanyButtonScenario1" time="11.512"/>
</testsuite> <!-- com.testCases.JMB_DB_016 -->
