<?xml version="1.0" encoding="UTF-8"?>
<!-- Generated by org.testng.reporters.JUnitReportReporter -->
<testsuite skipped="0" hostname="DESKTOP-PPOL0UJ" name="com.testCases.JMB_CALogin_006" tests="1" failures="0" timestamp="2022-06-19T16:41:50 EDT" time="2.084" errors="0">
  <testcase name="invalidEmailInvPassword" time="2.084" classname="com.testCases.JMB_CALogin_006"/>
  <system-out/>
</testsuite> <!-- com.testCases.JMB_CALogin_006 -->
