<?xml version="1.0" encoding="UTF-8"?>
<!-- Generated by org.testng.reporters.JUnitReportReporter -->
<testsuite skipped="0" hostname="DESKTOP-PPOL0UJ" name="com.testCases2.JMB_DB_003" tests="1" failures="0" timestamp="2022-06-22T09:59:06 EDT" time="15.413" errors="0">
  <testcase name="invaliSearchData" time="15.413" classname="com.testCases2.JMB_DB_003"/>
  <system-out/>
</testsuite> <!-- com.testCases2.JMB_DB_003 -->
